(c) Copyright IBM Corporation 1993,2007
Command Line Processor for DB2 Client 11.5.4.0

You can issue database manager commands and SQL statements from the command 
prompt. For example:
    db2 => connect to sample
    db2 => bind sample.bnd

For general help, type: ?.
For command help, type: ? command, where command can be
the first few keywords of a database manager command. For example:
 ? CATALOG DATABASE for help on the CATALOG DATABASE command
 ? CATALOG          for help on all of the CATALOG commands.

To exit db2 interactive mode, type QUIT at the command prompt. Outside 
interactive mode, all commands must be prefixed with 'db2'.
To list the current command option settings, type LIST COMMAND OPTIONS.

For more detailed help, refer to the Online Reference Manual.

db2 => db2 => db2 => db2 => db2 => CONNECT TO cs421

   Database Connection Information

 Database server        = DB2/LINUXX8664 11.5.4.0
 SQL authorization ID   = YWANG489
 Local database alias   = CS421


db2 => db2 => db2 => db2 => db2 => db2 => db2 => db2 => db2 => db2 => db2 => db2 => db2 => db2 (cont.) => db2 (cont.) => db2 (cont.) => CREATE TABLE Category (cname VARCHAR(30) NOT NULL, prioritynum INTEGER, PRIMARY KEY (cname))
DB20000I  The SQL command completed successfully.

db2 => db2 => db2 (cont.) => db2 (cont.) => db2 (cont.) => db2 (cont.) => db2 (cont.) => db2 (cont.) => db2 (cont.) => db2 (cont.) => db2 (cont.) => db2 (cont.) => db2 (cont.) => db2 (cont.) => CREATE TABLE Person (hinsurnum VARCHAR(50) NOT NULL, name VARCHAR(30) NOT NULL , gender VARCHAR(10) , dob DATE NOT NULL , phone VARCHAR(30) NOT NULL , city VARCHAR(50) , postalcd VARCHAR(50) , streetaddr VARCHAR(50) , regdate DATE NOT NULL , cname VARCHAR(30) NOT NULL, PRIMARY KEY (hinsurnum), FOREIGN KEY (cname) REFERENCES Category)
DB20000I  The SQL command completed successfully.

db2 => db2 => db2 (cont.) => db2 (cont.) => db2 (cont.) => db2 (cont.) => CREATE TABLE Vaccine (vname VARCHAR(30) NOT NULL, waitperiod VARCHAR(30) NOT NULL , doses INTEGER NOT NULL , PRIMARY KEY (vname))
DB20000I  The SQL command completed successfully.

db2 => db2 => db2 (cont.) => db2 (cont.) => db2 (cont.) => db2 (cont.) => db2 (cont.) => CREATE TABLE VaccLocation (locname VARCHAR(30) NOT NUll, lcity VARCHAR(30) NOT NULL , lpostalcd VARCHAR(30) NOT NULL , lstreetaddr VARCHAR(50) NOT NULL , PRIMARY KEY (locname))
DB20000I  The SQL command completed successfully.

db2 => db2 => db2 (cont.) => db2 (cont.) => db2 (cont.) => db2 (cont.) => db2 (cont.) => db2 (cont.) => db2 (cont.) => db2 (cont.) => db2 (cont.) => db2 (cont.) => CREATE TABLE VaccineBatch (vname VARCHAR(30) NOT NULL , batchno VARCHAR(30) NOT NUll, mfgdate DATE NOT NULL , exprydate DATE NOT NULL , numdoses INTEGER NOT NULL , locname VARCHAR(30) NOT NUll, PRIMARY KEY (vname, batchno), FOREIGN KEY (vname)  REFERENCES Vaccine, FOREIGN KEY (locname) REFERENCES VaccLocation )
DB20000I  The SQL command completed successfully.

db2 => db2 => db2 (cont.) => db2 (cont.) => db2 (cont.) => db2 (cont.) => db2 (cont.) => CREATE TABLE Vial (vname VARCHAR(30) NOT NULL , batchno VARCHAR(30) NOT NULL , vialid VARCHAR(50) NOT NULL UNIQUE , PRIMARY KEY (vname, batchno, vialid), FOREIGN KEY (vname, batchno) REFERENCES VaccineBatch)
DB20000I  The SQL command completed successfully.

db2 => db2 => db2 (cont.) => db2 (cont.) => db2 (cont.) => CREATE TABLE Hospital (locname VARCHAR(30) NOT NUll, PRIMARY KEY (locname), FOREIGN KEY (locname) REFERENCES VaccLocation)
DB20000I  The SQL command completed successfully.

db2 => db2 => db2 (cont.) => db2 (cont.) => db2 (cont.) => db2 (cont.) => db2 (cont.) => CREATE TABLE Nurse (licensenum VARCHAR(50) NOT NUll, name VARCHAR(30) NOT NULL , locname VARCHAR(30) , PRIMARY KEY (licensenum), FOREIGN KEY (locname) REFERENCES Hospital)
DB20000I  The SQL command completed successfully.

db2 => db2 => db2 (cont.) => db2 (cont.) => db2 (cont.) => db2 (cont.) => CREATE TABLE VaccDates (locname VARCHAR(30) NOT NUll, vdate DATE NOT NUll, PRIMARY KEY (locname, vdate), FOREIGN KEY (locname) REFERENCES VaccLocation)
DB20000I  The SQL command completed successfully.

db2 => db2 => db2 (cont.) => db2 (cont.) => db2 (cont.) => db2 (cont.) => db2 (cont.) => db2 (cont.) => db2 (cont.) => db2 (cont.) => db2 (cont.) => db2 (cont.) => db2 (cont.) => db2 (cont.) => db2 (cont.) => db2 (cont.) => db2 (cont.) => CREATE TABLE VaccSlot (locname VARCHAR(30) NOT NUll, vdate DATE NOT NUll, vtime TIME NOT NUll, vslot INTEGER NOT NUll, hinsurnum VARCHAR(50), asgndate DATE, licensenum VARCHAR(50), vname VARCHAR(30) , batchno VARCHAR(30) , vialid VARCHAR(50) , PRIMARY KEY (locname, vdate, vtime, vslot), FOREIGN KEY (locname, vdate) REFERENCES VaccDates, FOREIGN KEY (licensenum) REFERENCES Nurse, FOREIGN KEY (hinsurnum) REFERENCES Person, FOREIGN KEY (vname, batchno, vialid) REFERENCES Vial)
DB20000I  The SQL command completed successfully.

db2 => db2 => db2 (cont.) => db2 (cont.) => db2 (cont.) => db2 (cont.) => db2 (cont.) => db2 (cont.) => CREATE TABLE NurseAssignments (licensenum VARCHAR(50) NOT NUll, locname VARCHAR(30) NOT NUll, vdate DATE NOT NUll, PRIMARY KEY (licensenum, locname, vdate), FOREIGN KEY (licensenum) REFERENCES Nurse, FOREIGN KEY (locname, vdate) REFERENCES VaccDates)
DB20000I  The SQL command completed successfully.

db2 => 
